<?xml version="1.0" encoding="UTF-8"?>
<!-- Generated by org.testng.reporters.JUnitXMLReporter -->
<testsuite ignored="0" hostname="Acer" failures="0" tests="3" name="Default test" time="11.874" errors="0" timestamp="2026-06-02T15:39:45 IST">
  <testcase classname="testDemoOne.LoginTest" name="logintest" time="2.52"/>
  <testcase classname="testDemoOne.LoginTest" name="verifyCartFunctinality" time="4.33"/>
  <testcase classname="testDemoOne.LoginTest" name="verifyLogin" time="0.022"/>
</testsuite> <!-- Default test -->
