<?xml version="1.0" encoding="UTF-8"?>
<!-- Generated by org.testng.reporters.JUnitXMLReporter -->
<testsuite ignored="0" hostname="Acer" failures="0" tests="3" name="Default test" time="9.176" errors="0" timestamp="2026-05-30T17:18:07 IST">
  <testcase classname="testDemoOne.LoginTest" name="logintest" time="2.256"/>
  <testcase classname="testDemoOne.LoginTest" name="verifyCartFunctinality" time="4.295"/>
  <testcase classname="testDemoOne.LoginTest" name="verifyLogin" time="0.018"/>
</testsuite> <!-- Default test -->
