<?xml version="1.0" encoding="UTF-8"?>
<!-- Generated by org.testng.reporters.JUnitReportReporter -->
<testsuite hostname="Acer" failures="0" tests="3" name="testDemoOne.LoginTest" time="0.576" errors="0" timestamp="2026-06-02T18:13:18 IST" skipped="0">
  <testcase classname="testDemoOne.LoginTest" name="logintest" time="0.315"/>
  <testcase classname="testDemoOne.LoginTest" name="verifyLogin" time="0.017"/>
  <testcase classname="testDemoOne.LoginTest" name="verifyCartFunctinality" time="0.244"/>
</testsuite> <!-- testDemoOne.LoginTest -->
