<?xml version="1.0" encoding="UTF-8"?>
<!-- Generated by org.testng.reporters.JUnitReportReporter -->
<testsuite hostname="Acer" failures="0" tests="3" name="testDemoOne.LoginTest" time="6.917" errors="0" timestamp="2026-05-30T17:41:08 IST" skipped="0">
  <testcase classname="testDemoOne.LoginTest" name="logintest" time="2.567"/>
  <testcase classname="testDemoOne.LoginTest" name="verifyLogin" time="0.018"/>
  <testcase classname="testDemoOne.LoginTest" name="verifyCartFunctinality" time="4.332"/>
</testsuite> <!-- testDemoOne.LoginTest -->
