<?xml version="1.0" encoding="UTF-8"?>
<testng-results ignored="0" total="3" passed="3" failed="0" skipped="0">
  <reporter-output>
  </reporter-output>
  <suite started-at="2026-06-02T18:13:11 IST" name="Suite" finished-at="2026-06-02T18:13:18 IST" duration-ms="6189">
    <groups>
    </groups>
    <test started-at="2026-06-02T18:13:11 IST" name="Test1" finished-at="2026-06-02T18:13:18 IST" duration-ms="6189">
      <class name="testDemoOne.LoginTest">
        <test-method is-config="true" signature="steUp()[pri:0, instance:testDemoOne.LoginTest@5542c4ed]" started-at="2026-06-02T18:13:11 IST" name="steUp" finished-at="2026-06-02T18:13:17 IST" duration-ms="5374" status="PASS">
          <reporter-output>
          </reporter-output>
        </test-method> <!-- steUp -->
        <test-method signature="logintest()[pri:1, instance:testDemoOne.LoginTest@5542c4ed]" started-at="2026-06-02T18:13:17 IST" name="logintest" finished-at="2026-06-02T18:13:17 IST" duration-ms="315" status="PASS">
          <reporter-output>
          </reporter-output>
        </test-method> <!-- logintest -->
        <test-method signature="verifyLogin()[pri:2, instance:testDemoOne.LoginTest@5542c4ed]" started-at="2026-06-02T18:13:17 IST" name="verifyLogin" finished-at="2026-06-02T18:13:17 IST" duration-ms="17" status="PASS">
          <reporter-output>
          </reporter-output>
        </test-method> <!-- verifyLogin -->
        <test-method signature="verifyCartFunctinality()[pri:3, instance:testDemoOne.LoginTest@5542c4ed]" started-at="2026-06-02T18:13:17 IST" name="verifyCartFunctinality" finished-at="2026-06-02T18:13:17 IST" duration-ms="244" status="PASS">
          <reporter-output>
          </reporter-output>
        </test-method> <!-- verifyCartFunctinality -->
        <test-method is-config="true" signature="tearDown()[pri:0, instance:testDemoOne.LoginTest@5542c4ed]" started-at="2026-06-02T18:13:17 IST" name="tearDown" finished-at="2026-06-02T18:13:18 IST" duration-ms="178" status="PASS">
          <reporter-output>
          </reporter-output>
        </test-method> <!-- tearDown -->
      </class> <!-- testDemoOne.LoginTest -->
    </test> <!-- Test1 -->
  </suite> <!-- Suite -->
</testng-results>
