<?xml version="1.0" encoding="UTF-8"?>
<!-- Generated by org.testng.reporters.JUnitXMLReporter -->
<testsuite ignored="0" hostname="Acer" failures="0" tests="3" name="Test" time="10.156" errors="0" timestamp="2026-05-30T17:18:24 IST">
  <testcase classname="testDemoOne.LoginTest" name="logintest" time="2.314"/>
  <testcase classname="testDemoOne.LoginTest" name="verifyCartFunctinality" time="4.231"/>
  <testcase classname="testDemoOne.LoginTest" name="verifyLogin" time="0.015"/>
</testsuite> <!-- Test -->
