<?xml version="1.0" encoding="UTF-8"?>
<!-- Generated by org.testng.reporters.JUnitXMLReporter -->
<testsuite ignored="0" hostname="Acer" failures="0" tests="3" name="Test1" time="10.929" errors="0" timestamp="2026-06-02T15:41:15 IST">
  <testcase classname="testDemoOne.LoginTest" name="logintest" time="2.468"/>
  <testcase classname="testDemoOne.LoginTest" name="verifyCartFunctinality" time="4.376"/>
  <testcase classname="testDemoOne.LoginTest" name="verifyLogin" time="0.018"/>
</testsuite> <!-- Test1 -->
